Loaded checkpoint. New (hand head) keys: 115
Hand head parameters: 39,950,369
Found 198 sequences
Train clips: 56069 | Val clips: 3774
WARNING: You are using a MANO model, with only 10 shape coefficients.
WARNING: You are using a MANO model, with only 10 shape coefficients.
[VIS] 4 val + 4 train frames across 8 sequences
Training on cuda | 1 epochs | batch_size=1 | grad_accum_steps=4
  step 1 | train_loss=1.067296 | lr=1.00e-04
  step 1 | val_loss=1.005187
  -> New best. Saved.
  step 250 | train_loss=0.289772 | lr=1.00e-04
  step 250 | val_loss=0.377910
  -> New best. Saved.
  step 500 | train_loss=0.429396 | lr=1.00e-04
  step 500 | val_loss=0.369776
  -> New best. Saved.
  step 750 | train_loss=0.085641 | lr=1.00e-04
  step 750 | val_loss=0.341540
  -> New best. Saved.
  step 1000 | train_loss=0.207329 | lr=1.00e-04
  step 1000 | val_loss=0.326382
  -> New best. Saved.
  step 1250 | train_loss=0.252199 | lr=1.00e-04
