Loaded checkpoint. New (hand head) keys: 115
Hand head parameters: 39,950,369
Found 198 sequences
Train clips: 56069 | Val clips: 3774
WARNING: You are using a MANO model, with only 10 shape coefficients.
WARNING: You are using a MANO model, with only 10 shape coefficients.
[VIS] 4 val + 4 train frames across 8 sequences
Training on cuda | 1 epochs | batch_size=1 | grad_accum_steps=4
  step 1 | train_loss=1.044706 | lr=1.00e-04
  step 1 | val_loss=1.030739
  -> New best. Saved.
  step 250 | train_loss=0.208318 | lr=1.00e-04
  step 250 | val_loss=0.372106
  -> New best. Saved.
  step 500 | train_loss=0.443902 | lr=1.00e-04
  step 500 | val_loss=0.364153
  -> New best. Saved.
  step 750 | train_loss=0.296315 | lr=1.00e-04
  step 750 | val_loss=0.335962
  -> New best. Saved.
  step 1000 | train_loss=0.170244 | lr=1.00e-04
  step 1000 | val_loss=0.328981
  -> New best. Saved.
  step 1250 | train_loss=0.167931 | lr=1.00e-04
  step 1250 | val_loss=0.290021
  -> New best. Saved.
  step 1500 | train_loss=0.088368 | lr=1.00e-04
  step 1500 | val_loss=0.300271
  step 1750 | train_loss=0.163874 | lr=1.00e-04
  step 1750 | val_loss=0.304746
  step 2000 | train_loss=0.167724 | lr=1.00e-04
  step 2000 | val_loss=0.260787
  -> New best. Saved.
  step 2250 | train_loss=0.568895 | lr=1.00e-04
