Loaded checkpoint. New (hand head) keys: 115
Hand head parameters: 39,950,369
Found 198 sequences
[DEBUG] Single-frame overfit: seq=P0001_10a27bf7, clip offset=1856
Train clips: 1 | Val clips: 1
WARNING: You are using a MANO model, with only 10 shape coefficients.
WARNING: You are using a MANO model, with only 10 shape coefficients.
[VIS] 1 val + 1 train frames across 1 sequences
Training on cuda | 1 epochs | batch_size=1 | grad_accum_steps=4
[1;34mwandb[0m: 
[1;34mwandb[0m: 🚀 View run [33mFull Dataset[0m at: [34mhttps://wandb.ai/3DV-Project/hand-head-training/runs/cvke5g6a[0m
[1;34mwandb[0m: Find logs at: [1;35mwandb/run-20260409_115859-cvke5g6a/logs[0m
Batch.keys(): dict_keys(['img', 'gt'])
Preds.keys(): dict_keys(['hand_joints', 'hand_conf'])
Batch 0: imgs=torch.Size([1, 16, 3, 224, 224]) gt=torch.Size([1, 16, 64]) pred_param=torch.Size([1, 16, 64])
gt: tensor([[[-0.0277, -0.3276, -0.1275,  ..., -0.6633,  1.5623, -1.1606],
         [-0.0341, -0.3179, -0.1298,  ..., -0.6633,  1.5623, -1.1606],
         [-0.0400, -0.3077, -0.1320,  ..., -0.6633,  1.5623, -1.1606],
         ...,
         [-0.0618, -0.1894, -0.1150,  ..., -0.6633,  1.5623, -1.1606],
         [-0.0609, -0.1838, -0.1138,  ..., -0.6633,  1.5623, -1.1606],
         [-0.0592, -0.1783, -0.1129,  ..., -0.6633,  1.5623, -1.1606]]],
       device='cuda:0')
imgs: tensor([[[[[0.0078, 0.0078, 0.0078,  ..., 0.0118, 0.0157, 0.0157],
           [0.0078, 0.0078, 0.0078,  ..., 0.0118, 0.0157, 0.0157],
           [0.0078, 0.0078, 0.0078,  ..., 0.0078, 0.0078, 0.0118],
           ...,
           [0.0078, 0.0118, 0.0118,  ..., 0.0118, 0.0118, 0.0078],
           [0.0078, 0.0118, 0.0118,  ..., 0.0118, 0.0078, 0.0078],
           [0.0078, 0.0118, 0.0118,  ..., 0.0118, 0.0078, 0.0078]],

          [[0.0078, 0.0078, 0.0078,  ..., 0.0078, 0.0078, 0.0078],
           [0.0078, 0.0078, 0.0078,  ..., 0.0078, 0.0078, 0.0078],
           [0.0078, 0.0078, 0.0078,  ..., 0.0039, 0.0039, 0.0078],
           ...,
           [0.0078, 0.0039, 0.0039,  ..., 0.0039, 0.0078, 0.0078],
           [0.0078, 0.0039, 0.0039,  ..., 0.0039, 0.0078, 0.0078],
           [0.0078, 0.0039, 0.0039,  ..., 0.0039, 0.0078, 0.0078]],

          [[0.0078, 0.0078, 0.0078,  ..., 0.0078, 0.0118, 0.0118],
           [0.0078, 0.0078, 0.0078,  ..., 0.0078, 0.0118, 0.0118],
           [0.0078, 0.0078, 0.0078,  ..., 0.0039, 0.0039, 0.0078],
           ...,
           [0.0078, 0.0078, 0.0157,  ..., 0.0078, 0.0078, 0.0078],
           [0.0078, 0.0078, 0.0118,  ..., 0.0078, 0.0078, 0.0078],
           [0.0078, 0.0078, 0.0078,  ..., 0.0078, 0.0078, 0.0078]]],


         [[[0.0078, 0.0078, 0.0078,  ..., 0.0118, 0.0157, 0.0157],
           [0.0078, 0.0078, 0.0078,  ..., 0.0118, 0.0157, 0.0157],
           [0.0078, 0.0078, 0.0078,  ..., 0.0078, 0.0078, 0.0118],
           ...,
           [0.0078, 0.0118, 0.0118,  ..., 0.0157, 0.0118, 0.0078],
           [0.0078, 0.0118, 0.0118,  ..., 0.0118, 0.0078, 0.0078],
           [0.0078, 0.0118, 0.0118,  ..., 0.0118, 0.0078, 0.0078]],

          [[0.0078, 0.0078, 0.0078,  ..., 0.0078, 0.0078, 0.0078],
           [0.0078, 0.0078, 0.0078,  ..., 0.0078, 0.0078, 0.0078],
           [0.0078, 0.0078, 0.0078,  ..., 0.0039, 0.0039, 0.0078],
           ...,
           [0.0078, 0.0039, 0.0039,  ..., 0.0039, 0.0078, 0.0078],
           [0.0078, 0.0039, 0.0039,  ..., 0.0039, 0.0078, 0.0078],
           [0.0078, 0.0039, 0.0039,  ..., 0.0039, 0.0078, 0.0078]],

          [[0.0078, 0.0078, 0.0078,  ..., 0.0078, 0.0118, 0.0118],
           [0.0078, 0.0078, 0.0078,  ..., 0.0078, 0.0118, 0.0118],
           [0.0078, 0.0078, 0.0078,  ..., 0.0039, 0.0039, 0.0078],
           ...,
           [0.0078, 0.0078, 0.0157,  ..., 0.0078, 0.0078, 0.0118],
           [0.0078, 0.0078, 0.0118,  ..., 0.0078, 0.0078, 0.0078],
           [0.0078, 0.0078, 0.0078,  ..., 0.0078, 0.0078, 0.0078]]],


         [[[0.0078, 0.0078, 0.0078,  ..., 0.0118, 0.0157, 0.0157],
           [0.0078, 0.0078, 0.0078,  ..., 0.0118, 0.0157, 0.0157],
           [0.0078, 0.0078, 0.0078,  ..., 0.0078, 0.0196, 0.0157],
           ...,
           [0.0078, 0.0118, 0.0118,  ..., 0.0157, 0.0118, 0.0078],
           [0.0078, 0.0118, 0.0118,  ..., 0.0118, 0.0078, 0.0078],
           [0.0078, 0.0118, 0.0118,  ..., 0.0118, 0.0078, 0.0078]],

          [[0.0078, 0.0078, 0.0078,  ..., 0.0078, 0.0078, 0.0078],
           [0.0078, 0.0078, 0.0078,  ..., 0.0078, 0.0078, 0.0078],
           [0.0078, 0.0078, 0.0078,  ..., 0.0039, 0.0000, 0.0039],
           ...,
           [0.0078, 0.0039, 0.0039,  ..., 0.0039, 0.0078, 0.0039],
           [0.0078, 0.0039, 0.0039,  ..., 0.0039, 0.0078, 0.0078],
           [0.0078, 0.0039, 0.0039,  ..., 0.0039, 0.0078, 0.0078]],

          [[0.0078, 0.0078, 0.0078,  ..., 0.0078, 0.0118, 0.0118],
           [0.0078, 0.0078, 0.0078,  ..., 0.0078, 0.0118, 0.0118],
           [0.0078, 0.0078, 0.0078,  ..., 0.0039, 0.0078, 0.0078],
           ...,
           [0.0078, 0.0078, 0.0157,  ..., 0.0078, 0.0118, 0.0118],
           [0.0078, 0.0078, 0.0118,  ..., 0.0078, 0.0078, 0.0078],
           [0.0078, 0.0078, 0.0078,  ..., 0.0078, 0.0078, 0.0078]]],


         ...,


         [[[0.0078, 0.0078, 0.0078,  ..., 0.0157, 0.0118, 0.0078],
           [0.0078, 0.0078, 0.0078,  ..., 0.0118, 0.0118, 0.0118],
           [0.0078, 0.0078, 0.0078,  ..., 0.0078, 0.0078, 0.0118],
           ...,
           [0.0118, 0.0118, 0.0118,  ..., 0.0118, 0.0118, 0.0118],
           [0.0078, 0.0078, 0.0118,  ..., 0.0118, 0.0078, 0.0078],
           [0.0078, 0.0078, 0.0118,  ..., 0.0118, 0.0078, 0.0078]],

          [[0.0078, 0.0078, 0.0078,  ..., 0.0118, 0.0118, 0.0078],
           [0.0078, 0.0078, 0.0078,  ..., 0.0118, 0.0118, 0.0118],
           [0.0078, 0.0078, 0.0078,  ..., 0.0078, 0.0078, 0.0118],
           ...,
           [0.0078, 0.0078, 0.0039,  ..., 0.0039, 0.0039, 0.0039],
           [0.0078, 0.0078, 0.0039,  ..., 0.0039, 0.0078, 0.0078],
           [0.0078, 0.0078, 0.0039,  ..., 0.0039, 0.0078, 0.0078]],

          [[0.0078, 0.0078, 0.0078,  ..., 0.0118, 0.0118, 0.0078],
           [0.0078, 0.0078, 0.0078,  ..., 0.0118, 0.0118, 0.0118],
           [0.0078, 0.0078, 0.0078,  ..., 0.0078, 0.0078, 0.0118],
           ...,
           [0.0078, 0.0078, 0.0118,  ..., 0.0078, 0.0078, 0.0078],
           [0.0078, 0.0078, 0.0078,  ..., 0.0078, 0.0078, 0.0078],
           [0.0078, 0.0078, 0.0118,  ..., 0.0078, 0.0078, 0.0078]]],


         [[[0.0078, 0.0078, 0.0078,  ..., 0.0118, 0.0196, 0.0157],
           [0.0078, 0.0078, 0.0078,  ..., 0.0118, 0.0157, 0.0157],
           [0.0078, 0.0078, 0.0078,  ..., 0.0078, 0.0078, 0.0157],
           ...,
           [0.0118, 0.0078, 0.0118,  ..., 0.0118, 0.0118, 0.0118],
           [0.0078, 0.0078, 0.0118,  ..., 0.0118, 0.0078, 0.0078],
           [0.0078, 0.0078, 0.0118,  ..., 0.0118, 0.0078, 0.0078]],

          [[0.0078, 0.0078, 0.0078,  ..., 0.0078, 0.0118, 0.0078],
           [0.0078, 0.0078, 0.0078,  ..., 0.0078, 0.0078, 0.0078],
           [0.0078, 0.0078, 0.0078,  ..., 0.0078, 0.0039, 0.0118],
           ...,
           [0.0078, 0.0078, 0.0039,  ..., 0.0039, 0.0078, 0.0039],
           [0.0078, 0.0078, 0.0039,  ..., 0.0039, 0.0078, 0.0078],
           [0.0078, 0.0078, 0.0039,  ..., 0.0039, 0.0078, 0.0078]],

          [[0.0078, 0.0078, 0.0078,  ..., 0.0078, 0.0157, 0.0118],
           [0.0078, 0.0078, 0.0078,  ..., 0.0078, 0.0118, 0.0118],
           [0.0078, 0.0078, 0.0078,  ..., 0.0078, 0.0078, 0.0118],
           ...,
           [0.0078, 0.0078, 0.0118,  ..., 0.0078, 0.0078, 0.0078],
           [0.0078, 0.0078, 0.0078,  ..., 0.0078, 0.0078, 0.0078],
           [0.0078, 0.0078, 0.0118,  ..., 0.0078, 0.0078, 0.0078]]],


         [[[0.0078, 0.0078, 0.0078,  ..., 0.0078, 0.0078, 0.0078],
           [0.0078, 0.0078, 0.0078,  ..., 0.0078, 0.0078, 0.0078],
           [0.0078, 0.0078, 0.0078,  ..., 0.0078, 0.0078, 0.0118],
           ...,
           [0.0118, 0.0118, 0.0078,  ..., 0.0118, 0.0078, 0.0078],
           [0.0078, 0.0039, 0.0078,  ..., 0.0118, 0.0078, 0.0078],
           [0.0078, 0.0039, 0.0078,  ..., 0.0118, 0.0078, 0.0078]],

          [[0.0078, 0.0078, 0.0078,  ..., 0.0078, 0.0078, 0.0078],
           [0.0078, 0.0078, 0.0078,  ..., 0.0078, 0.0078, 0.0078],
           [0.0078, 0.0078, 0.0078,  ..., 0.0078, 0.0078, 0.0118],
           ...,
           [0.0039, 0.0078, 0.0039,  ..., 0.0039, 0.0078, 0.0078],
           [0.0078, 0.0078, 0.0078,  ..., 0.0039, 0.0078, 0.0078],
           [0.0078, 0.0078, 0.0078,  ..., 0.0039, 0.0078, 0.0078]],

          [[0.0078, 0.0078, 0.0078,  ..., 0.0078, 0.0078, 0.0078],
           [0.0078, 0.0078, 0.0078,  ..., 0.0078, 0.0078, 0.0078],
           [0.0078, 0.0078, 0.0078,  ..., 0.0078, 0.0078, 0.0118],
           ...,
           [0.0078, 0.0078, 0.0118,  ..., 0.0078, 0.0078, 0.0078],
           [0.0078, 0.0078, 0.0078,  ..., 0.0078, 0.0078, 0.0078],
           [0.0078, 0.0078, 0.0078,  ..., 0.0078, 0.0078, 0.0078]]]]],
       device='cuda:0')
