Loaded checkpoint. New (hand head) keys: 115
Hand head parameters: 39,950,369
Found 198 sequences
[DEBUG] Single-frame overfit: seq=P0001_10a27bf7, clip offset=1856
Train clips: 1 | Val clips: 1
WARNING: You are using a MANO model, with only 10 shape coefficients.
WARNING: You are using a MANO model, with only 10 shape coefficients.
[VIS] 1 val + 1 train frames across 1 sequences
Training on cuda | 1 epochs | batch_size=1 | grad_accum_steps=4
[1;34mwandb[0m: 
[1;34mwandb[0m: 🚀 View run [33mFull Dataset[0m at: [34mhttps://wandb.ai/3DV-Project/hand-head-training/runs/70rn96uo[0m
[1;34mwandb[0m: Find logs at: [1;35mwandb/run-20260409_120254-70rn96uo/logs[0m
Batch.keys(): dict_keys(['img', 'gt'])
Preds.keys(): dict_keys(['hand_joints', 'hand_conf'])
Batch 0: imgs=torch.Size([1, 16, 3, 224, 224]) gt=torch.Size([1, 16, 64]) hand_joints=torch.Size([1, 16, 64]), hand_conf=torch.Size([1, 16, 1])
gt: tensor([[[-0.0277, -0.3276, -0.1275,  ..., -0.6633,  1.5623, -1.1606],
         [-0.0341, -0.3179, -0.1298,  ..., -0.6633,  1.5623, -1.1606],
         [-0.0400, -0.3077, -0.1320,  ..., -0.6633,  1.5623, -1.1606],
         ...,
         [-0.0618, -0.1894, -0.1150,  ..., -0.6633,  1.5623, -1.1606],
         [-0.0609, -0.1838, -0.1138,  ..., -0.6633,  1.5623, -1.1606],
         [-0.0592, -0.1783, -0.1129,  ..., -0.6633,  1.5623, -1.1606]]],
       device='cuda:0')
imgs: tensor([[[[[0.0078, 0.0078, 0.0078,  ..., 0.0118, 0.0157, 0.0157],
           [0.0078, 0.0078, 0.0078,  ..., 0.0118, 0.0157, 0.0157],
           [0.0078, 0.0078, 0.0078,  ..., 0.0078, 0.0078, 0.0118],
           ...,
           [0.0078, 0.0118, 0.0118,  ..., 0.0118, 0.0118, 0.0078],
           [0.0078, 0.0118, 0.0118,  ..., 0.0118, 0.0078, 0.0078],
           [0.0078, 0.0118, 0.0118,  ..., 0.0118, 0.0078, 0.0078]],

          [[0.0078, 0.0078, 0.0078,  ..., 0.0078, 0.0078, 0.0078],
           [0.0078, 0.0078, 0.0078,  ..., 0.0078, 0.0078, 0.0078],
           [0.0078, 0.0078, 0.0078,  ..., 0.0039, 0.0039, 0.0078],
           ...,
           [0.0078, 0.0039, 0.0039,  ..., 0.0039, 0.0078, 0.0078],
           [0.0078, 0.0039, 0.0039,  ..., 0.0039, 0.0078, 0.0078],
           [0.0078, 0.0039, 0.0039,  ..., 0.0039, 0.0078, 0.0078]],

          [[0.0078, 0.0078, 0.0078,  ..., 0.0078, 0.0118, 0.0118],
           [0.0078, 0.0078, 0.0078,  ..., 0.0078, 0.0118, 0.0118],
           [0.0078, 0.0078, 0.0078,  ..., 0.0039, 0.0039, 0.0078],
           ...,
           [0.0078, 0.0078, 0.0157,  ..., 0.0078, 0.0078, 0.0078],
           [0.0078, 0.0078, 0.0118,  ..., 0.0078, 0.0078, 0.0078],
           [0.0078, 0.0078, 0.0078,  ..., 0.0078, 0.0078, 0.0078]]],


         [[[0.0078, 0.0078, 0.0078,  ..., 0.0118, 0.0157, 0.0157],
           [0.0078, 0.0078, 0.0078,  ..., 0.0118, 0.0157, 0.0157],
           [0.0078, 0.0078, 0.0078,  ..., 0.0078, 0.0078, 0.0118],
           ...,
           [0.0078, 0.0118, 0.0118,  ..., 0.0157, 0.0118, 0.0078],
           [0.0078, 0.0118, 0.0118,  ..., 0.0118, 0.0078, 0.0078],
           [0.0078, 0.0118, 0.0118,  ..., 0.0118, 0.0078, 0.0078]],

          [[0.0078, 0.0078, 0.0078,  ..., 0.0078, 0.0078, 0.0078],
           [0.0078, 0.0078, 0.0078,  ..., 0.0078, 0.0078, 0.0078],
           [0.0078, 0.0078, 0.0078,  ..., 0.0039, 0.0039, 0.0078],
           ...,
           [0.0078, 0.0039, 0.0039,  ..., 0.0039, 0.0078, 0.0078],
           [0.0078, 0.0039, 0.0039,  ..., 0.0039, 0.0078, 0.0078],
           [0.0078, 0.0039, 0.0039,  ..., 0.0039, 0.0078, 0.0078]],

          [[0.0078, 0.0078, 0.0078,  ..., 0.0078, 0.0118, 0.0118],
           [0.0078, 0.0078, 0.0078,  ..., 0.0078, 0.0118, 0.0118],
           [0.0078, 0.0078, 0.0078,  ..., 0.0039, 0.0039, 0.0078],
           ...,
           [0.0078, 0.0078, 0.0157,  ..., 0.0078, 0.0078, 0.0118],
           [0.0078, 0.0078, 0.0118,  ..., 0.0078, 0.0078, 0.0078],
           [0.0078, 0.0078, 0.0078,  ..., 0.0078, 0.0078, 0.0078]]],


         [[[0.0078, 0.0078, 0.0078,  ..., 0.0118, 0.0157, 0.0157],
           [0.0078, 0.0078, 0.0078,  ..., 0.0118, 0.0157, 0.0157],
           [0.0078, 0.0078, 0.0078,  ..., 0.0078, 0.0196, 0.0157],
           ...,
           [0.0078, 0.0118, 0.0118,  ..., 0.0157, 0.0118, 0.0078],
           [0.0078, 0.0118, 0.0118,  ..., 0.0118, 0.0078, 0.0078],
           [0.0078, 0.0118, 0.0118,  ..., 0.0118, 0.0078, 0.0078]],

          [[0.0078, 0.0078, 0.0078,  ..., 0.0078, 0.0078, 0.0078],
           [0.0078, 0.0078, 0.0078,  ..., 0.0078, 0.0078, 0.0078],
           [0.0078, 0.0078, 0.0078,  ..., 0.0039, 0.0000, 0.0039],
           ...,
           [0.0078, 0.0039, 0.0039,  ..., 0.0039, 0.0078, 0.0039],
           [0.0078, 0.0039, 0.0039,  ..., 0.0039, 0.0078, 0.0078],
           [0.0078, 0.0039, 0.0039,  ..., 0.0039, 0.0078, 0.0078]],

          [[0.0078, 0.0078, 0.0078,  ..., 0.0078, 0.0118, 0.0118],
           [0.0078, 0.0078, 0.0078,  ..., 0.0078, 0.0118, 0.0118],
           [0.0078, 0.0078, 0.0078,  ..., 0.0039, 0.0078, 0.0078],
           ...,
           [0.0078, 0.0078, 0.0157,  ..., 0.0078, 0.0118, 0.0118],
           [0.0078, 0.0078, 0.0118,  ..., 0.0078, 0.0078, 0.0078],
           [0.0078, 0.0078, 0.0078,  ..., 0.0078, 0.0078, 0.0078]]],


         ...,


         [[[0.0078, 0.0078, 0.0078,  ..., 0.0157, 0.0118, 0.0078],
           [0.0078, 0.0078, 0.0078,  ..., 0.0118, 0.0118, 0.0118],
           [0.0078, 0.0078, 0.0078,  ..., 0.0078, 0.0078, 0.0118],
           ...,
           [0.0118, 0.0118, 0.0118,  ..., 0.0118, 0.0118, 0.0118],
           [0.0078, 0.0078, 0.0118,  ..., 0.0118, 0.0078, 0.0078],
           [0.0078, 0.0078, 0.0118,  ..., 0.0118, 0.0078, 0.0078]],

          [[0.0078, 0.0078, 0.0078,  ..., 0.0118, 0.0118, 0.0078],
           [0.0078, 0.0078, 0.0078,  ..., 0.0118, 0.0118, 0.0118],
           [0.0078, 0.0078, 0.0078,  ..., 0.0078, 0.0078, 0.0118],
           ...,
           [0.0078, 0.0078, 0.0039,  ..., 0.0039, 0.0039, 0.0039],
           [0.0078, 0.0078, 0.0039,  ..., 0.0039, 0.0078, 0.0078],
           [0.0078, 0.0078, 0.0039,  ..., 0.0039, 0.0078, 0.0078]],

          [[0.0078, 0.0078, 0.0078,  ..., 0.0118, 0.0118, 0.0078],
           [0.0078, 0.0078, 0.0078,  ..., 0.0118, 0.0118, 0.0118],
           [0.0078, 0.0078, 0.0078,  ..., 0.0078, 0.0078, 0.0118],
           ...,
           [0.0078, 0.0078, 0.0118,  ..., 0.0078, 0.0078, 0.0078],
           [0.0078, 0.0078, 0.0078,  ..., 0.0078, 0.0078, 0.0078],
           [0.0078, 0.0078, 0.0118,  ..., 0.0078, 0.0078, 0.0078]]],


         [[[0.0078, 0.0078, 0.0078,  ..., 0.0118, 0.0196, 0.0157],
           [0.0078, 0.0078, 0.0078,  ..., 0.0118, 0.0157, 0.0157],
           [0.0078, 0.0078, 0.0078,  ..., 0.0078, 0.0078, 0.0157],
           ...,
           [0.0118, 0.0078, 0.0118,  ..., 0.0118, 0.0118, 0.0118],
           [0.0078, 0.0078, 0.0118,  ..., 0.0118, 0.0078, 0.0078],
           [0.0078, 0.0078, 0.0118,  ..., 0.0118, 0.0078, 0.0078]],

          [[0.0078, 0.0078, 0.0078,  ..., 0.0078, 0.0118, 0.0078],
           [0.0078, 0.0078, 0.0078,  ..., 0.0078, 0.0078, 0.0078],
           [0.0078, 0.0078, 0.0078,  ..., 0.0078, 0.0039, 0.0118],
           ...,
           [0.0078, 0.0078, 0.0039,  ..., 0.0039, 0.0078, 0.0039],
           [0.0078, 0.0078, 0.0039,  ..., 0.0039, 0.0078, 0.0078],
           [0.0078, 0.0078, 0.0039,  ..., 0.0039, 0.0078, 0.0078]],

          [[0.0078, 0.0078, 0.0078,  ..., 0.0078, 0.0157, 0.0118],
           [0.0078, 0.0078, 0.0078,  ..., 0.0078, 0.0118, 0.0118],
           [0.0078, 0.0078, 0.0078,  ..., 0.0078, 0.0078, 0.0118],
           ...,
           [0.0078, 0.0078, 0.0118,  ..., 0.0078, 0.0078, 0.0078],
           [0.0078, 0.0078, 0.0078,  ..., 0.0078, 0.0078, 0.0078],
           [0.0078, 0.0078, 0.0118,  ..., 0.0078, 0.0078, 0.0078]]],


         [[[0.0078, 0.0078, 0.0078,  ..., 0.0078, 0.0078, 0.0078],
           [0.0078, 0.0078, 0.0078,  ..., 0.0078, 0.0078, 0.0078],
           [0.0078, 0.0078, 0.0078,  ..., 0.0078, 0.0078, 0.0118],
           ...,
           [0.0118, 0.0118, 0.0078,  ..., 0.0118, 0.0078, 0.0078],
           [0.0078, 0.0039, 0.0078,  ..., 0.0118, 0.0078, 0.0078],
           [0.0078, 0.0039, 0.0078,  ..., 0.0118, 0.0078, 0.0078]],

          [[0.0078, 0.0078, 0.0078,  ..., 0.0078, 0.0078, 0.0078],
           [0.0078, 0.0078, 0.0078,  ..., 0.0078, 0.0078, 0.0078],
           [0.0078, 0.0078, 0.0078,  ..., 0.0078, 0.0078, 0.0118],
           ...,
           [0.0039, 0.0078, 0.0039,  ..., 0.0039, 0.0078, 0.0078],
           [0.0078, 0.0078, 0.0078,  ..., 0.0039, 0.0078, 0.0078],
           [0.0078, 0.0078, 0.0078,  ..., 0.0039, 0.0078, 0.0078]],

          [[0.0078, 0.0078, 0.0078,  ..., 0.0078, 0.0078, 0.0078],
           [0.0078, 0.0078, 0.0078,  ..., 0.0078, 0.0078, 0.0078],
           [0.0078, 0.0078, 0.0078,  ..., 0.0078, 0.0078, 0.0118],
           ...,
           [0.0078, 0.0078, 0.0118,  ..., 0.0078, 0.0078, 0.0078],
           [0.0078, 0.0078, 0.0078,  ..., 0.0078, 0.0078, 0.0078],
           [0.0078, 0.0078, 0.0078,  ..., 0.0078, 0.0078, 0.0078]]]]],
       device='cuda:0')
preds['hand_joints']: tensor([[[ 2.6152e-03, -6.2367e-03, -1.8734e-02,  ...,  9.0891e-03,
          -1.0497e-03, -5.7147e-02],
         [ 3.8318e-03, -4.5303e-03, -1.8399e-02,  ...,  1.0459e-02,
          -1.0718e-03, -5.7187e-02],
         [ 3.0056e-03, -4.8011e-03, -1.8653e-02,  ...,  1.0719e-02,
          -5.5241e-04, -5.8279e-02],
         ...,
         [ 2.8048e-03, -4.5917e-03, -1.9296e-02,  ...,  1.1117e-02,
          -5.9946e-05, -5.8540e-02],
         [ 3.2612e-03, -4.4153e-03, -1.9578e-02,  ...,  1.1137e-02,
          -5.8492e-04, -5.8236e-02],
         [ 3.4941e-03, -4.0142e-03, -1.9775e-02,  ...,  1.1394e-02,
          -9.9149e-04, -5.7909e-02]]], device='cuda:0',
       grad_fn=<ViewBackward0>)
hand_conf: tensor([[[0.2845],
         [0.2814],
         [0.2927],
         [0.2878],
         [0.2937],
         [0.2984],
         [0.2845],
         [0.2947],
         [0.3037],
         [0.3020],
         [0.2921],
         [0.2949],
         [0.2933],
         [0.2991],
         [0.2912],
         [0.2795]]], device='cuda:0', grad_fn=<ViewBackward0>)
