Traceback (most recent call last):
  File "/home/dmonopoli/FF-4DGS-Ego/scripts/train_hand_head.py", line 137, in <module>
    train()
  File "/home/dmonopoli/FF-4DGS-Ego/scripts/train_hand_head.py", line 119, in train
    preds = model(views, is_inference=False, use_motion=False)
  File "/home/dmonopoli/miniconda3/envs/neoverse/lib/python3.10/site-packages/torch/nn/modules/module.py", line 1776, in _wrapped_call_impl
    return self._call_impl(*args, **kwargs)
  File "/home/dmonopoli/miniconda3/envs/neoverse/lib/python3.10/site-packages/torch/nn/modules/module.py", line 1787, in _call_impl
    return forward_call(*args, **kwargs)
  File "/home/dmonopoli/FF-4DGS-Ego/diffsynth/auxiliary_models/worldmirror/models/models/worldmirror.py", line 237, in forward
    preds = self._gen_all_preds(
  File "/home/dmonopoli/FF-4DGS-Ego/diffsynth/auxiliary_models/worldmirror/models/models/worldmirror.py", line 259, in _gen_all_preds
    cam_seq = self.cam_head(token_list)
  File "/home/dmonopoli/miniconda3/envs/neoverse/lib/python3.10/site-packages/torch/nn/modules/module.py", line 1776, in _wrapped_call_impl
    return self._call_impl(*args, **kwargs)
  File "/home/dmonopoli/miniconda3/envs/neoverse/lib/python3.10/site-packages/torch/nn/modules/module.py", line 1787, in _call_impl
    return forward_call(*args, **kwargs)
  File "/home/dmonopoli/FF-4DGS-Ego/diffsynth/auxiliary_models/worldmirror/models/heads/camera_head.py", line 74, in forward
    cam_tokens = self.token_norm(cam_tokens)
  File "/home/dmonopoli/miniconda3/envs/neoverse/lib/python3.10/site-packages/torch/nn/modules/module.py", line 1776, in _wrapped_call_impl
    return self._call_impl(*args, **kwargs)
  File "/home/dmonopoli/miniconda3/envs/neoverse/lib/python3.10/site-packages/torch/nn/modules/module.py", line 1787, in _call_impl
    return forward_call(*args, **kwargs)
  File "/home/dmonopoli/miniconda3/envs/neoverse/lib/python3.10/site-packages/torch/nn/modules/normalization.py", line 229, in forward
    return F.layer_norm(
  File "/home/dmonopoli/miniconda3/envs/neoverse/lib/python3.10/site-packages/torch/nn/functional.py", line 2935, in layer_norm
    return torch.layer_norm(
RuntimeError: expected scalar type Float but found BFloat16
