Traceback (most recent call last):
  File "/home/dmonopoli/miniconda3/envs/neoverse/lib/python3.10/site-packages/torch/_ops.py", line 1442, in load_library
    ctypes.CDLL(path)
  File "/home/dmonopoli/miniconda3/envs/neoverse/lib/python3.10/ctypes/__init__.py", line 374, in __init__
    self._handle = _dlopen(self._name, mode)
OSError: /home/dmonopoli/miniconda3/envs/neoverse/lib/python3.10/site-packages/torch_scatter/_version_cuda.so: undefined symbol: _ZN5torch3jit17parseSchemaOrNameERKSsb

The above exception was the direct cause of the following exception:

Traceback (most recent call last):
  File "/home/dmonopoli/FF-4DGS-Ego/scripts/train_hand_head.py", line 7, in <module>
    from diffsynth.utils.auxiliary import load_video
  File "/home/dmonopoli/FF-4DGS-Ego/diffsynth/__init__.py", line 2, in <module>
    from .models import *
  File "/home/dmonopoli/FF-4DGS-Ego/diffsynth/models/__init__.py", line 1, in <module>
    from .model_manager import *
  File "/home/dmonopoli/FF-4DGS-Ego/diffsynth/models/model_manager.py", line 4, in <module>
    from .downloader import download_models, download_customized_models, Preset_model_id, Preset_model_website
  File "/home/dmonopoli/FF-4DGS-Ego/diffsynth/models/downloader.py", line 6, in <module>
    from ..configs.model_config import preset_models_on_huggingface, preset_models_on_modelscope, Preset_model_id
  File "/home/dmonopoli/FF-4DGS-Ego/diffsynth/configs/model_config.py", line 76, in <module>
    from ..auxiliary_models import WorldMirror, DepthAnything3Reconstructor
  File "/home/dmonopoli/FF-4DGS-Ego/diffsynth/auxiliary_models/__init__.py", line 1, in <module>
    from .worldmirror.models.models.worldmirror import WorldMirror
  File "/home/dmonopoli/FF-4DGS-Ego/diffsynth/auxiliary_models/worldmirror/models/models/worldmirror.py", line 10, in <module>
    from .rasterization import GaussianSplatRenderer
  File "/home/dmonopoli/FF-4DGS-Ego/diffsynth/auxiliary_models/worldmirror/models/models/rasterization.py", line 8, in <module>
    from torch_scatter import scatter_sum
  File "/home/dmonopoli/miniconda3/envs/neoverse/lib/python3.10/site-packages/torch_scatter/__init__.py", line 16, in <module>
    torch.ops.load_library(spec.origin)
  File "/home/dmonopoli/miniconda3/envs/neoverse/lib/python3.10/site-packages/torch/_ops.py", line 1444, in load_library
    raise OSError(f"Could not load this library: {path}") from e
OSError: Could not load this library: /home/dmonopoli/miniconda3/envs/neoverse/lib/python3.10/site-packages/torch_scatter/_version_cuda.so
