Traceback (most recent call last):
  File "/home/dmonopoli/FF-4DGS-Ego/scripts/train_hand_head.py", line 132, in <module>
    train()
  File "/home/dmonopoli/FF-4DGS-Ego/scripts/train_hand_head.py", line 115, in train
    preds = model(views, is_inference=False, use_motion=False)
  File "/home/dmonopoli/miniconda3/envs/neoverse/lib/python3.10/site-packages/torch/nn/modules/module.py", line 1776, in _wrapped_call_impl
    return self._call_impl(*args, **kwargs)
  File "/home/dmonopoli/miniconda3/envs/neoverse/lib/python3.10/site-packages/torch/nn/modules/module.py", line 1787, in _call_impl
    return forward_call(*args, **kwargs)
  File "/home/dmonopoli/FF-4DGS-Ego/diffsynth/auxiliary_models/worldmirror/models/models/worldmirror.py", line 237, in forward
    preds = self._gen_all_preds(
  File "/home/dmonopoli/FF-4DGS-Ego/diffsynth/auxiliary_models/worldmirror/models/models/worldmirror.py", line 295, in _gen_all_preds
    normals, norm_conf = self.norm_head(
  File "/home/dmonopoli/miniconda3/envs/neoverse/lib/python3.10/site-packages/torch/nn/modules/module.py", line 1776, in _wrapped_call_impl
    return self._call_impl(*args, **kwargs)
  File "/home/dmonopoli/miniconda3/envs/neoverse/lib/python3.10/site-packages/torch/nn/modules/module.py", line 1787, in _call_impl
    return forward_call(*args, **kwargs)
  File "/home/dmonopoli/FF-4DGS-Ego/diffsynth/auxiliary_models/worldmirror/models/heads/dense_head.py", line 153, in forward
    preds, conf = self._forward_impl(
  File "/home/dmonopoli/FF-4DGS-Ego/diffsynth/auxiliary_models/worldmirror/models/heads/dense_head.py", line 217, in _forward_impl
    fused = self.scratch_forward(feats)
  File "/home/dmonopoli/FF-4DGS-Ego/diffsynth/auxiliary_models/worldmirror/models/heads/dense_head.py", line 292, in scratch_forward
    out = self.scratch.refinenet1(out, layer_1_rn)
  File "/home/dmonopoli/miniconda3/envs/neoverse/lib/python3.10/site-packages/torch/nn/modules/module.py", line 1776, in _wrapped_call_impl
    return self._call_impl(*args, **kwargs)
  File "/home/dmonopoli/miniconda3/envs/neoverse/lib/python3.10/site-packages/torch/nn/modules/module.py", line 1787, in _call_impl
    return forward_call(*args, **kwargs)
  File "/home/dmonopoli/FF-4DGS-Ego/diffsynth/auxiliary_models/worldmirror/models/heads/dense_head.py", line 542, in forward
    output = custom_interpolate(output, **modifier, mode="bilinear", align_corners=self.align_corners)
  File "/home/dmonopoli/FF-4DGS-Ego/diffsynth/auxiliary_models/worldmirror/models/heads/dense_head.py", line 586, in custom_interpolate
    return nn.functional.interpolate(x, size=size, mode=mode, align_corners=align_corners)
  File "/home/dmonopoli/miniconda3/envs/neoverse/lib/python3.10/site-packages/torch/nn/functional.py", line 4867, in interpolate
    return torch._C._nn.upsample_bilinear2d(
torch.OutOfMemoryError: CUDA out of memory. Tried to allocate 128.00 MiB. GPU 0 has a total capacity of 15.48 GiB of which 44.88 MiB is free. Including non-PyTorch memory, this process has 15.42 GiB memory in use. Of the allocated memory 15.16 GiB is allocated by PyTorch, and 107.20 MiB is reserved by PyTorch but unallocated. If reserved but unallocated memory is large try setting PYTORCH_ALLOC_CONF=expandable_segments:True to avoid fragmentation.  See documentation for Memory Management  (https://pytorch.org/docs/stable/notes/cuda.html#environment-variables)
